# JRE version: OpenJDK Runtime Environment (21.0.3) (build 21.0.3+-12282718-b509.11)
# Java VM: OpenJDK 64-Bit Server VM (21.0.3+-12282718-b509.11, mixed mode, tiered, compressed oops, compressed class ptrs, g1 gc, windows-amd64)
GC Precious Log:
 CardTable entry size: 512
 Card Set container configuration: InlinePtr #cards 4 size 8 Array Of Cards #cards 16 size 48 Howl #buckets 8 coarsen threshold 3686 Howl Bitmap #cards 512 size 80 coarsen threshold 460 Card regions per heap region 1 cards per card region 4096
 CPUs: 4 total, 4 available
 Memory: 4012M
 Large Page Support: Disabled
 NUMA Support: Disabled
 Compressed Oops: Enabled (Zero based)
 Heap Region Size: 2M
 Heap Min Capacity: 8M
 Heap Initial Capacity: 64M
 Heap Max Capacity: 4G
 Pre-touch: Disabled
 Parallel Workers: 4
 Concurrent Workers: 1
 Concurrent Refinement Workers: 4
 Periodic GC: Disabled
Heap:
 garbage-first heap   total 65536K, used 32587K [0x0000000700000000, 0x0000000800000000)
  region size 2048K, 8 young (16384K), 1 survivors (2048K)
 Metaspace       used 27673K, committed 28224K, reserved 1114112K
  class space    used 3521K, committed 3776K, reserved 1048576K
GC Heap History (12 events):
Event: 3.959 GC heap before
{Heap before GC invocations=0 (full 0):
 garbage-first heap   total 65536K, used 10240K [0x0000000700000000, 0x0000000800000000)
  region size 2048K, 6 young (12288K), 0 survivors (0K)
 Metaspace       used 7750K, committed 7936K, reserved 1114112K
  class space    used 708K, committed 768K, reserved 1048576K
}
Event: 3.999 GC heap after
{Heap after GC invocations=1 (full 0):
 garbage-first heap   total 65536K, used 1864K [0x0000000700000000, 0x0000000800000000)
  region size 2048K, 1 young (2048K), 1 survivors (2048K)
 Metaspace       used 7750K, committed 7936K, reserved 1114112K
  class space    used 708K, committed 768K, reserved 1048576K
}
Event: 7.615 GC heap before
{Heap before GC invocations=1 (full 0):
 garbage-first heap   total 65536K, used 22344K [0x0000000700000000, 0x0000000800000000)
  region size 2048K, 9 young (18432K), 1 survivors (2048K)
 Metaspace       used 11788K, committed 11904K, reserved 1114112K
  class space    used 1248K, committed 1280K, reserved 1048576K
}
Event: 7.630 GC heap after
{Heap after GC invocations=2 (full 0):
 garbage-first heap   total 65536K, used 10465K [0x0000000700000000, 0x0000000800000000)
  region size 2048K, 2 young (4096K), 2 survivors (4096K)
 Metaspace       used 11788K, committed 11904K, reserved 1114112K
  class space    used 1248K, committed 1280K, reserved 1048576K
}
Event: 8.990 GC heap before
{Heap before GC invocations=2 (full 0):
 garbage-first heap   total 65536K, used 28897K [0x0000000700000000, 0x0000000800000000)
  region size 2048K, 11 young (22528K), 2 survivors (4096K)
 Metaspace       used 11889K, committed 12032K, reserved 1114112K
  class space    used 1248K, committed 1280K, reserved 1048576K
}
Event: 9.002 GC heap after
{Heap after GC invocations=3 (full 0):
 garbage-first heap   total 65536K, used 11258K [0x0000000700000000, 0x0000000800000000)
  region size 2048K, 1 young (2048K), 1 survivors (2048K)
 Metaspace       used 11889K, committed 12032K, reserved 1114112K
  class space    used 1248K, committed 1280K, reserved 1048576K
}
Event: 13.500 GC heap before
{Heap before GC invocations=3 (full 0):
 garbage-first heap   total 65536K, used 44026K [0x0000000700000000, 0x0000000800000000)
  region size 2048K, 18 young (36864K), 1 survivors (2048K)
 Metaspace       used 19384K, committed 19776K, reserved 1114112K
  class space    used 2219K, committed 2432K, reserved 1048576K
}
Event: 13.519 GC heap after
{Heap after GC invocations=4 (full 0):
 garbage-first heap   total 65536K, used 18112K [0x0000000700000000, 0x0000000800000000)
  region size 2048K, 3 young (6144K), 3 survivors (6144K)
 Metaspace       used 19384K, committed 19776K, reserved 1114112K
  class space    used 2219K, committed 2432K, reserved 1048576K
}
Event: 14.553 GC heap before
{Heap before GC invocations=4 (full 0):
 garbage-first heap   total 65536K, used 26304K [0x0000000700000000, 0x0000000800000000)
  region size 2048K, 8 young (16384K), 3 survivors (6144K)
 Metaspace       used 21174K, committed 21504K, reserved 1114112K
  class space    used 2477K, committed 2688K, reserved 1048576K
}
Event: 14.564 GC heap after
{Heap after GC invocations=5 (full 0):
 garbage-first heap   total 65536K, used 19261K [0x0000000700000000, 0x0000000800000000)
  region size 2048K, 1 young (2048K), 1 survivors (2048K)
 Metaspace       used 21174K, committed 21504K, reserved 1114112K
  class space    used 2477K, committed 2688K, reserved 1048576K
}
Event: 17.270 GC heap before
{Heap before GC invocations=6 (full 0):
 garbage-first heap   total 65536K, used 43837K [0x0000000700000000, 0x0000000800000000)
  region size 2048K, 14 young (28672K), 1 survivors (2048K)
 Metaspace       used 25665K, committed 26112K, reserved 1114112K
  class space    used 3177K, committed 3392K, reserved 1048576K
}
Event: 17.278 GC heap after
{Heap after GC invocations=7 (full 0):
 garbage-first heap   total 65536K, used 20299K [0x0000000700000000, 0x0000000800000000)
  region size 2048K, 1 young (2048K), 1 survivors (2048K)
 Metaspace       used 25665K, committed 26112K, reserved 1114112K
  class space    used 3177K, committed 3392K, reserved 1048576K
}

